"../../../../../../Users/Quentin/Documents/Unreal Projects/plateformer3Daction/Content/Mannequin/Character/Mesh/SK_Mannequin_PhysicsAsset.uasset" 0
"../../../../../../Users/Quentin/Documents/Unreal Projects/plateformer3Daction/Content/Mannequin/Character/Textures/T_UE4Logo_N.uasset" 1
"../../../../../../Users/Quentin/Documents/Unreal Projects/plateformer3Daction/Content/Mannequin/Character/Textures/T_UE4Logo_Mask.uasset" 2
"../../../../../../Users/Quentin/Documents/Unreal Projects/plateformer3Daction/Content/Mannequin/Character/Textures/T_Male_N.uasset" 3
"../../../../../../Users/Quentin/Documents/Unreal Projects/plateformer3Daction/Content/Mannequin/Character/Textures/T_Male_Mask.uasset" 4
"../../../../../../Users/Quentin/Documents/Unreal Projects/plateformer3Daction/Content/Mannequin/Character/Materials/MaterialLayers/T_ML_Rubber_Blue_01_N.uasset" 5
"../../../../../../Users/Quentin/Documents/Unreal Projects/plateformer3Daction/Content/Mannequin/Character/Materials/MaterialLayers/T_ML_Rubber_Blue_01_D.uasset" 6
"../../../../../../Users/Quentin/Documents/Unreal Projects/plateformer3Daction/Content/Mannequin/Character/Materials/MaterialLayers/T_ML_Aluminum01_N.uasset" 7
"../../../../../../Users/Quentin/Documents/Unreal Projects/plateformer3Daction/Content/Mannequin/Character/Materials/MaterialLayers/T_ML_Aluminum01.uasset" 8
"../../../../../../Users/Quentin/Documents/Unreal Projects/plateformer3Daction/Content/Mannequin/Character/Materials/MaterialLayers/ML_SoftMetal_UE4.uasset" 9
"../../../../../../Users/Quentin/Documents/Unreal Projects/plateformer3Daction/Content/Mannequin/Character/Materials/MaterialLayers/ML_Plastic_Shiny_Beige_LOGO.uasset" 10
"../../../../../../Users/Quentin/Documents/Unreal Projects/plateformer3Daction/Content/Mannequin/Character/Materials/MaterialLayers/ML_Plastic_Shiny_Beige.uasset" 11
"../../../../../../Users/Quentin/Documents/Unreal Projects/plateformer3Daction/Content/Mannequin/Character/Materials/MaterialLayers/ML_GlossyBlack_Latex_UE4.uasset" 12
"../../../Engine/Content/Functions/MaterialLayerFunctions/MatLayerBlend_Simple.uasset" 13
"../../../Engine/Content/Functions/Engine_MaterialFunctions02/Utility/BlendAngleCorrectedNormals.uasset" 14
"../../../Engine/Content/Functions/MaterialLayerFunctions/MatLayerBlend_NormalBlend.uasset" 15
"../../../../../../Users/Quentin/Documents/Unreal Projects/plateformer3Daction/Content/Mannequin/Character/Materials/M_Male_Body.uasset" 16
"../../../../../../Users/Quentin/Documents/Unreal Projects/plateformer3Daction/Content/Mannequin/Character/Materials/M_UE4Man_ChestLogo.uasset" 17
"../../../../../../Users/Quentin/Documents/Unreal Projects/plateformer3Daction/Content/Mannequin/Character/Mesh/UE4_Mannequin_Skeleton.uasset" 18
"../../../../../../Users/Quentin/Documents/Unreal Projects/plateformer3Daction/Content/Mannequin/Character/Mesh/SK_Mannequin.uasset" 19
"../../../../../../Users/Quentin/Documents/Unreal Projects/plateformer3Daction/Content/Mannequin/Animations/ThirdPersonWalk.uasset" 20
"../../../../../../Users/Quentin/Documents/Unreal Projects/plateformer3Daction/Content/Mannequin/Animations/ThirdPersonRun.uasset" 21
"../../../../../../Users/Quentin/Documents/Unreal Projects/plateformer3Daction/Content/Mannequin/Animations/ThirdPersonIdle.uasset" 22
"../../../../../../Users/Quentin/Documents/Unreal Projects/plateformer3Daction/Content/Mannequin/Animations/ThirdPerson_IdleRun_2D.uasset" 23
"../../../../../../Users/Quentin/Documents/Unreal Projects/plateformer3Daction/Content/Mannequin/Animations/ThirdPerson_Jump.uasset" 24
"../../../../../../Users/Quentin/Documents/Unreal Projects/plateformer3Daction/Content/Mannequin/Animations/ThirdPersonJump_Start.uasset" 25
"../../../../../../Users/Quentin/Documents/Unreal Projects/plateformer3Daction/Content/Mannequin/Animations/ThirdPersonJump_Loop.uasset" 26
"../../../Engine/Content/EditorBlueprintResources/StandardMacros.uasset" 27
"../../../../../../Users/Quentin/Documents/Unreal Projects/plateformer3Daction/Content/Mannequin/Animations/ThirdPerson_AnimBP.uasset" 28
"../../../../../../Users/Quentin/Documents/Unreal Projects/plateformer3Daction/Content/HUD/Images/Controle.uasset" 29
"../../../../../../Users/Quentin/Documents/Unreal Projects/plateformer3Daction/Content/HUD/Interface/HUD_Pause.uasset" 30
"../../../../../../Users/Quentin/Documents/Unreal Projects/plateformer3Daction/Content/ThirdPersonBP/Blueprints/ThirdPersonCharacter.uasset" 31
"../../../../../../Users/Quentin/Documents/Unreal Projects/plateformer3Daction/Content/ThirdPersonBP/Blueprints/ThirdPersonGameMode.uasset" 32
"../../../Engine/Content/Animation/DefaultAnimBoneCompressionSettings.uasset" 33
"../../../Engine/Content/Animation/DefaultAnimCurveCompressionSettings.uasset" 34
"../../../Engine/Content/EngineMaterials/T_Default_Material_Grid_N.uasset" 35
"../../../Engine/Content/EngineMaterials/T_Default_Material_Grid_M.uasset" 36
"../../../Engine/Content/Functions/Engine_MaterialFunctions01/Opacity/CameraDepthFade.uasset" 37
"../../../Engine/Content/EngineMaterials/WorldGridMaterial.uasset" 38
"../../../Engine/Content/ArtTools/RenderToTexture/Meshes/S_1_Unit_Plane.uasset" 39
"../../../Engine/Content/EngineMaterials/DefaultMaterial.uasset" 40
"../../../Engine/Content/BasicShapes/Cone.uasset" 41
"../../../Engine/Content/BasicShapes/Plane.uasset" 42
"../../../Engine/Content/EditorLandscapeResources/DataLayer.uasset" 43
"../../../Engine/Content/EditorLandscapeResources/DefaultAlphaTexture.uasset" 44
"../../../Engine/Content/EditorMaterials/MAT_Groups_Toggle.uasset" 45
"../../../Engine/Content/EditorMaterials/MAT_Groups_Visibility.uasset" 46
"../../../Engine/Content/EditorMaterials/PreviewShadowIndicator.uasset" 47
"../../../Engine/Content/EditorMaterials/PreviewShadowIndicatorMaterial.uasset" 48
"../../../Engine/Content/EditorMaterials/MatineeGroups/MAT_ColorTrack.uasset" 49
"../../../Engine/Content/EditorMaterials/MatineeGroups/MAT_Groups_Anim.uasset" 50
"../../../Engine/Content/EditorMaterials/MatineeGroups/MAT_Groups_AudioMaster.uasset" 51
"../../../Engine/Content/EditorMaterials/MatineeGroups/MAT_Groups_Director.uasset" 52
"../../../Engine/Content/EditorMaterials/MatineeGroups/MAT_Groups_Event.uasset" 53
"../../../Engine/Content/EditorMaterials/MatineeGroups/MAT_Groups_Fade.uasset" 54
"../../../Engine/Content/EditorMaterials/MatineeGroups/MAT_Groups_Float.uasset" 55
"../../../Engine/Content/EditorMaterials/MatineeGroups/MAT_Groups_Move.uasset" 56
"../../../Engine/Content/EditorMaterials/MatineeGroups/MAT_Groups_Slomo.uasset" 57
"../../../Engine/Content/EditorMaterials/MatineeGroups/MAT_Groups_Sound.uasset" 58
"../../../Engine/Content/EditorMaterials/MatineeGroups/MAT_Groups_Vector.uasset" 59
"../../../Engine/Content/EditorMaterials/ParticleSystems/PSysThumbnail_NoImage.uasset" 60
"../../../Engine/Content/EditorMaterials/ParticleSystems/PSysThumbnail_OOD.uasset" 61
"../../../Engine/Content/EditorMaterials/Camera/CineMat.uasset" 62
"../../../Engine/Content/EditorMaterials/Camera/MI_CineMat_Rig.uasset" 63
"../../../Engine/Content/EditorMeshes/Camera/SM_CraneRig_Arm.uasset" 64
"../../../Engine/Content/EditorMeshes/Camera/SM_CraneRig_Base.uasset" 65
"../../../Engine/Content/EditorMeshes/Camera/SM_CraneRig_Body.uasset" 66
"../../../Engine/Content/EditorMeshes/Camera/SM_CraneRig_Mount.uasset" 67
"../../../Engine/Content/EditorMeshes/Camera/SM_RailRig_Mount.uasset" 68
"../../../Engine/Content/EditorMeshes/Camera/SM_RailRig_Track.uasset" 69
"../../../Engine/Content/EditorResources/BSPVertex.uasset" 70
"../../../Engine/Content/EditorResources/EmptyActor.uasset" 71
"../../../Engine/Content/EditorResources/S_Actor.uasset" 72
"../../../Engine/Content/EditorResources/S_KBSJoint.uasset" 73
"../../../Engine/Content/EditorResources/S_Note.uasset" 74
"../../../Engine/Content/EditorResources/S_Solver.uasset" 75
"../../../Engine/Content/EditorResources/S_Terrain.uasset" 76
"../../../Engine/Content/EditorResources/S_Trigger.uasset" 77
"../../../Engine/Content/EditorResources/LightIcons/S_LightError.uasset" 78
"../../../Engine/Content/EditorResources/SequenceRecorder/Countdown.uasset" 79
"../../../Engine/Content/EditorResources/SequenceRecorder/RecordingIndicator.uasset" 80
"../../../Engine/Content/EngineDamageTypes/DmgTypeBP_Environmental.uasset" 81
"../../../Engine/Content/EngineDebugMaterials/DebugEditorMaterial.uasset" 82
"../../../Engine/Content/EngineDebugMaterials/DebugMeshMaterial.uasset" 83
"../../../Engine/Content/EngineDebugMaterials/M_SimpleUnlitTranslucent.uasset" 84
"../../../Engine/Content/EngineDebugMaterials/VolumeToRender.uasset" 85
"../../../Engine/Content/Functions/Engine_MaterialFunctions02/Utility/CameraDirectionVector.uasset" 86
"../../../Engine/Content/EngineDebugMaterials/M_VolumeRenderSphereTracePP.uasset" 87
"../../../Engine/Content/Functions/Engine_MaterialFunctions01/Shading/ConvertFromDiffSpec.uasset" 88
"../../../Engine/Content/EngineDebugMaterials/VertexColorMaterial.uasset" 89
"../../../Engine/Content/EngineDebugMaterials/WireframeMaterial.uasset" 90
"../../../Engine/Content/EngineFonts/Faces/RobotoRegular.uasset" 91
"../../../Engine/Content/EngineFonts/Faces/RobotoLight.uasset" 92
"../../../Engine/Content/EngineFonts/Faces/RobotoItalic.uasset" 93
"../../../Engine/Content/EngineFonts/Faces/RobotoBoldItalic.uasset" 94
"../../../Engine/Content/EngineFonts/Faces/RobotoBold.uasset" 95
"../../../Engine/Content/EngineFonts/Faces/DroidSansFallback.uasset" 96
"../../../Engine/Content/EngineFonts/Roboto.uasset" 97
"../../../Engine/Content/EngineMaterials/BaseFlattenNormalMap.uasset" 98
"../../../Engine/Content/EngineMaterials/BaseFlattenGrayscaleMap.uasset" 99
"../../../Engine/Content/EngineMaterials/BaseFlattenEmissiveMap.uasset" 100
"../../../Engine/Content/EngineMaterials/BaseFlattenDiffuseMap.uasset" 101
"../../../Engine/Content/EngineMaterials/BaseFlattenMaterial.uasset" 102
"../../../Engine/Content/EngineMaterials/BlueNoise.uasset" 103
"../../../Engine/Content/EngineMaterials/DefaultBloomKernel.uasset" 104
"../../../Engine/Content/EngineMaterials/DefaultBokeh.uasset" 105
"../../../Engine/Content/EngineMaterials/DefaultDiffuse.uasset" 106
"../../../Engine/Content/EngineMaterials/DefaultDeferredDecalMaterial.uasset" 107
"../../../Engine/Content/EngineMaterials/DefaultLightFunctionMaterial.uasset" 108
"../../../Engine/Content/EngineMaterials/DefaultPhysicalMaterial.uasset" 109
"../../../Engine/Content/Functions/Engine_MaterialFunctions02/Utility/BreakOutFloat2Components.uasset" 110
"../../../Engine/Content/EngineMaterials/DefaultPostProcessMaterial.uasset" 111
"../../../Engine/Content/EngineFonts/RobotoDistanceField.uasset" 112
"../../../Engine/Content/EngineMaterials/DefaultTextMaterialOpaque.uasset" 113
"../../../Engine/Content/EngineMaterials/DefaultWhiteGrid.uasset" 114
"../../../Engine/Content/EngineMaterials/DefaultWhiteGrid_Low.uasset" 115
"../../../Engine/Content/EngineMaterials/EmissiveMeshMaterial.uasset" 116
"../../../Engine/Content/EngineMaterials/GizmoMaterial.uasset" 117
"../../../Engine/Content/EngineMaterials/Good64x64TilingNoiseHighFreq.uasset" 118
"../../../Engine/Content/EngineMaterials/MiniFont.uasset" 119
"../../../Engine/Content/EngineMaterials/InvalidLightmapSettings.uasset" 120
"../../../Engine/Content/EngineMaterials/M_InvalidLightmapSettings.uasset" 121
"../../../Engine/Content/Functions/Engine_MaterialFunctions02/WorldPositionOffset/CameraOffset.uasset" 122
"../../../Engine/Content/EngineMaterials/PhAT_JointLimitMaterial.uasset" 123
"../../../Engine/Content/EngineMaterials/PreintegratedSkinBRDF.uasset" 124
"../../../Engine/Content/EngineMaterials/RemoveSurfaceMaterial.uasset" 125
"../../../Engine/Content/EngineMaterials/WeightMapPlaceholderTexture.uasset" 126
"../../../Engine/Content/EngineResources/WhiteSquareTexture.uasset" 127
"../../../Engine/Content/EngineMaterials/Widget3DPassThrough.uasset" 128
"../../../Engine/Content/EngineMaterials/Widget3DPassThrough_Masked.uasset" 129
"../../../Engine/Content/EngineMaterials/Widget3DPassThrough_Opaque.uasset" 130
"../../../Engine/Content/EngineMaterials/Widget3DPassThrough_Masked_OneSided.uasset" 131
"../../../Engine/Content/EngineMaterials/Widget3DPassThrough_Opaque_OneSided.uasset" 132
"../../../Engine/Content/EngineMaterials/Widget3DPassThrough_Translucent.uasset" 133
"../../../Engine/Content/EngineMaterials/Widget3DPassThrough_Translucent_OneSided.uasset" 134
"../../../Engine/Content/EngineMeshes/Cylinder.uasset" 135
"../../../Engine/Content/EngineMeshes/Sphere.uasset" 136
"../../../Engine/Content/EngineResources/Black.uasset" 137
"../../../Engine/Content/EngineResources/DefaultTextureCube.uasset" 138
"../../../Engine/Content/EngineResources/DefaultVolumeTexture2D.uasset" 139
"../../../Engine/Content/EngineResources/DefaultVolumeTexture.uasset" 140
"../../../Engine/Content/EngineResources/GradientTexture0.uasset" 141
"../../../Engine/Content/EngineSky/VolumetricClouds/T_NoiseShape64.uasset" 142
"../../../Engine/Content/EngineSky/VolumetricClouds/T_VolumeNoiseShape64.uasset" 143
"../../../Engine/Content/EngineSky/VolumetricClouds/T_NoiseErosion.uasset" 144
"../../../Engine/Content/EngineSky/VolumetricClouds/T_VolumeNoiseErosion32.uasset" 145
"../../../Engine/Content/EngineSky/VolumetricClouds/CloudWeatherTexture.uasset" 146
"../../../Engine/Content/EngineSky/VolumetricClouds/CloudGradientTexture.uasset" 147
"../../../Engine/Content/Functions/Engine_MaterialFunctions02/Utility/MakeFloat2.uasset" 148
"../../../Engine/Content/EngineSky/VolumetricClouds/m_SimpleVolumetricCloud.uasset" 149
"../../../Engine/Content/EngineSky/VolumetricClouds/m_SimpleVolumetricCloud_Inst.uasset" 150
"../../../Engine/Content/EngineSounds/Master.uasset" 151
"../../../Engine/Content/Functions/Engine_MaterialFunctions01/Shading/PowerToRoughness.uasset" 152
"../../../Engine/Content/Maps/Templates/Thumbnails/Default.uasset" 153
"../../../Engine/Content/Maps/Templates/Thumbnails/TimeOfDay.uasset" 154
"../../../Engine/Content/Maps/Templates/Thumbnails/VR-Basic.uasset" 155
"../../../Engine/Content/MobileResources/T_MobileControls_texture.uasset" 156
"../../../Engine/Content/MobileResources/T_MobileMenu2.uasset" 157
"../../../Engine/Content/MobileResources/HUD/AnalogHat.uasset" 158
"../../../Engine/Content/MobileResources/HUD/VirtualJoystick_Thumb.uasset" 159
"../../../Engine/Content/MobileResources/HUD/VirtualJoystick_Background.uasset" 160
"../../../Engine/Content/MobileResources/HUD/DefaultVirtualJoysticks.uasset" 161
"../../../Engine/Content/MobileResources/HUD/LeftVirtualJoystickOnly.uasset" 162
"../../../Engine/Content/MobileResources/HUD/MobileHUDButton1_off.uasset" 163
"../../../Engine/Content/MobileResources/HUD/MobileHUDButton1_on.uasset" 164
"../../../Engine/Content/MobileResources/HUD/MobileHUDButton2_off.uasset" 165
"../../../Engine/Content/MobileResources/HUD/MobileHUDButton2_on.uasset" 166
"../../../Engine/Content/MobileResources/HUD/MobileHUDButton3.uasset" 167
"../../../Engine/Content/MobileResources/HUD/MobileHUDButtonFire.uasset" 168
"../../../Engine/Content/MobileResources/HUD/MobileHUDDirectionPad.uasset" 169
"../../../Engine/Content/MobileResources/HUD/MobileHUDDirectionPad2.uasset" 170
"../../../Engine/Content/MobileResources/HUD/MobileHUDDirectionPad3.uasset" 171
"../../../Engine/Content/MobileResources/HUD/MobileHUDDirectionStick.uasset" 172
"../../../Engine/Content/MobileResources/HUD/T_Castle_ThumbstickInner.uasset" 173
"../../../Engine/Content/MobileResources/HUD/T_Castle_ThumbstickOutter.uasset" 174
"../../../Engine/Content/Tutorial/ContentIntroCurve.uasset" 175
"../../../Engine/Content/Tutorial/Basics/LevelEditorAttract.uasset" 176
"../../../Engine/Content/Tutorial/Basics/TutorialAssets/icon_tab_Levels_40x.uasset" 177
"../../../Engine/Content/Tutorial/Basics/LevelEditorOverview.uasset" 178
"../../../Engine/Content/VREditor/TransformGizmo/TranslucentTransformGizmoMaterial.uasset" 179
"../../../Engine/Content/VREditor/LaserPointer/VR_LaserPower_01.uasset" 180
"../../../Engine/Content/VREditor/TransformGizmo/TransformGizmoMaterial.uasset" 181
"../../../Engine/Content/VREditor/TransformGizmo/BoundingBoxCorner.uasset" 182
"../../../Engine/Content/VREditor/TransformGizmo/BoundingBoxEdge.uasset" 183
"../../../Engine/Content/VREditor/TransformGizmo/PlaneTranslationHandle.uasset" 184
"../../../Engine/Content/VREditor/TransformGizmo/Xray.uasset" 185
"../../../Engine/Content/VREditor/TransformGizmo/Main.uasset" 186
"../../../Engine/Content/VREditor/TransformGizmo/SM_Sequencer_Key.uasset" 187
"../../../Engine/Content/VREditor/TransformGizmo/SM_Sequencer_Node.uasset" 188
"../../Plugins/2D/Paper2D/Content/PlaceholderTextures/DummySpriteTexture.uasset" 189
"../../Plugins/2D/Paper2D/Content/DummySprite.uasset" 190
"../../Plugins/2D/Paper2D/Content/DefaultPaperTerrainMaterial.uasset" 191
"../../Plugins/2D/Paper2D/Content/DefaultSpriteMaterial.uasset" 192
"../../Plugins/2D/Paper2D/Content/MaskedUnlitSpriteMaterial.uasset" 193
"../../Plugins/2D/Paper2D/Content/OpaqueUnlitSpriteMaterial.uasset" 194
"../../../Engine/Content/ArtTools/RenderToTexture/Materials/Debug/M_Emissive_Color.uasset" 195
"../../../Engine/Content/BasicShapes/Cylinder.uasset" 196
"../../Plugins/Lumin/MagicLeapPassableWorld/Content/MagicLeapARPinInfoActor.uasset" 197
"../../../Engine/Content/Functions/Engine_MaterialFunctions02/Utility/BreakOutFloat3Components.uasset" 198
"../../Plugins/Editor/SpeedTreeImporter/Content/SpeedTree9/UnpackInteger3.uasset" 199
"../../Plugins/Editor/SpeedTreeImporter/Content/SpeedTree9/UnpackDirection.uasset" 200
"../../Plugins/Editor/SpeedTreeImporter/Content/SpeedTree9/game_wind_noise.uasset" 201
"../../../Engine/Content/Functions/Engine_MaterialFunctions02/SafeNormalize.uasset" 202
"../../Plugins/Editor/SpeedTreeImporter/Content/SpeedTree9/SpeedTreeWindMotion.uasset" 203
"../../Plugins/Editor/SpeedTreeImporter/Content/SpeedTree9/SpeedTreeBranchMotion.uasset" 204
"../../../Engine/Content/Functions/Engine_MaterialFunctions02/ObjectLocalBounds.uasset" 205
"../../../Engine/Content/Functions/Engine_MaterialFunctions02/UVs/BoundingBoxBased_0-1_UVW.uasset" 206
"../../Plugins/Editor/SpeedTreeImporter/Content/SpeedTree9/SpeedTreeWind.uasset" 207
"../../Plugins/Editor/SpeedTreeImporter/Content/SpeedTree9/SpeedTreeBillboard.uasset" 208
"../../../Engine/Content/EngineResources/DefaultTexture.uasset" 209
"../../Plugins/Editor/SpeedTreeImporter/Content/SpeedTree9/SpeedTreeBillboardMaster.uasset" 210
"../../Plugins/Editor/SpeedTreeImporter/Content/SpeedTree9/SpeedTreeCameraFacing.uasset" 211
"../../Plugins/Editor/SpeedTreeImporter/Content/SpeedTree9/SpeedTreeMaster.uasset" 212
"../../../Engine/Content/Functions/Engine_MaterialFunctions02/Utility/BreakOutFloat4Components.uasset" 213
"../../../Engine/Content/Functions/Engine_MaterialFunctions02/Utility/MakeFloat3.uasset" 214
"../../Plugins/Runtime/Oculus/OculusVR/Content/Materials/OculusMR_ChromaKey.uasset" 215
"../../Plugins/Runtime/Oculus/OculusVR/Content/Materials/OculusMR_OpaqueColoredMaterial.uasset" 216
"../../Plugins/Runtime/Oculus/OculusVR/Content/Materials/PokeAHoleMaterial.uasset" 217
"../../../Engine/Content/BasicShapes/BasicShapeMaterial.uasset" 218
"../../../Engine/Content/BasicShapes/Cube.uasset" 219
"../../../../../../Users/Quentin/Documents/Unreal Projects/plateformer3Daction/Content/StarterContent/Textures/T_Tech_Hex_Tile_N.uasset" 220
"../../../../../../Users/Quentin/Documents/Unreal Projects/plateformer3Daction/Content/StarterContent/Textures/T_Tech_Hex_Tile_M.uasset" 221
"../../../../../../Users/Quentin/Documents/Unreal Projects/plateformer3Daction/Content/StarterContent/Textures/T_MacroVariation.uasset" 222
"../../../../../../Users/Quentin/Documents/Unreal Projects/plateformer3Daction/Content/StarterContent/Materials/M_Tech_Hex_Tile_Pulse.uasset" 223
"../../../../../../Users/Quentin/Documents/Unreal Projects/plateformer3Daction/Content/Items/Textures/Metal04_PBR.uasset" 224
"../../../../../../Users/Quentin/Documents/Unreal Projects/plateformer3Daction/Content/Items/3DModels/uploads_files_2364230_gear.uasset" 225
"../../../../../../Users/Quentin/Documents/Unreal Projects/plateformer3Daction/Content/Items/BP/BP_Gear.uasset" 226
"../../../../../../Users/Quentin/Documents/Unreal Projects/plateformer3Daction/Content/Items/Textures/M_Soin.uasset" 227
"../../../../../../Users/Quentin/Documents/Unreal Projects/plateformer3Daction/Content/Items/BP/BP_itemVie.uasset" 228
"../../../../../../Users/Quentin/Documents/Unreal Projects/plateformer3Daction/Content/Items/Textures/DefaultMaterial.uasset" 229
"../../../../../../Users/Quentin/Documents/Unreal Projects/plateformer3Daction/Content/Items/3DModels/AnyConv_com__priest_jetpack2.uasset" 230
"../../../../../../Users/Quentin/Documents/Unreal Projects/plateformer3Daction/Content/StarterContent/Textures/T_Spark_Core.uasset" 231
"../../../../../../Users/Quentin/Documents/Unreal Projects/plateformer3Daction/Content/StarterContent/Particles/Materials/M_Spark.uasset" 232
"../../../Engine/Content/Functions/Engine_MaterialFunctions01/Gradient/RadialGradient.uasset" 233
"../../../../../../Users/Quentin/Documents/Unreal Projects/plateformer3Daction/Content/StarterContent/Particles/Materials/M_Radial_Gradient.uasset" 234
"../../../../../../Users/Quentin/Documents/Unreal Projects/plateformer3Daction/Content/StarterContent/Textures/T_Smoke_Tiled_D.uasset" 235
"../../../../../../Users/Quentin/Documents/Unreal Projects/plateformer3Daction/Content/StarterContent/Textures/T_Smoke_SubUV.uasset" 236
"../../../../../../Users/Quentin/Documents/Unreal Projects/plateformer3Daction/Content/StarterContent/Particles/Materials/M_smoke_subUV.uasset" 237
"../../../../../../Users/Quentin/Documents/Unreal Projects/plateformer3Daction/Content/StarterContent/Particles/P_Sparks.uasset" 238
"../../../../../../Users/Quentin/Documents/Unreal Projects/plateformer3Daction/Content/StarterContent/Textures/T_Wood_Oak_N.uasset" 239
"../../../../../../Users/Quentin/Documents/Unreal Projects/plateformer3Daction/Content/StarterContent/Textures/T_Wood_Oak_D.uasset" 240
"../../../../../../Users/Quentin/Documents/Unreal Projects/plateformer3Daction/Content/StarterContent/Materials/M_Wood_Oak.uasset" 241
"../../../../../../Users/Quentin/Documents/Unreal Projects/plateformer3Daction/Content/Items/BP/BP_JetpackBois.uasset" 242
"../../../../../../Users/Quentin/Documents/Unreal Projects/plateformer3Daction/Content/Structures/3DModels/3d-model.uasset" 243
"../../../../../../Users/Quentin/Documents/Unreal Projects/plateformer3Daction/Content/StarterContent/Textures/T_Frame_N.uasset" 244
"../../../../../../Users/Quentin/Documents/Unreal Projects/plateformer3Daction/Content/StarterContent/Textures/T_Frame_M.uasset" 245
"../../../../../../Users/Quentin/Documents/Unreal Projects/plateformer3Daction/Content/StarterContent/Props/Materials/M_Frame.uasset" 246
"../../../../../../Users/Quentin/Documents/Unreal Projects/plateformer3Daction/Content/StarterContent/Textures/T_Metal_Gold_D.uasset" 247
"../../../../../../Users/Quentin/Documents/Unreal Projects/plateformer3Daction/Content/StarterContent/Textures/T_Metal_Gold_N.uasset" 248
"../../../../../../Users/Quentin/Documents/Unreal Projects/plateformer3Daction/Content/StarterContent/Materials/M_Metal_Gold.uasset" 249
"../../../Engine/Content/MapTemplates/Sky/DaylightAmbientCubemap.uasset" 250
"../../../../../../Users/Quentin/Documents/Unreal Projects/plateformer3Daction/Content/StarterContent/Blueprints/Assets/M_LightStage_Skybox_Master.uasset" 251
"../../../../../../Users/Quentin/Documents/Unreal Projects/plateformer3Daction/Content/StarterContent/Blueprints/Assets/M_LightStage_Skybox_HDRI.uasset" 252
"../../../../../../Users/Quentin/Documents/Unreal Projects/plateformer3Daction/Content/Structures/BP/BP_Mine.uasset" 253
"../../../../../../Users/Quentin/Documents/Unreal Projects/plateformer3Daction/Content/ThirdPersonBP/Maps/Level1_Stone_BuiltData.uasset" 254
"../../../../../../Users/Quentin/Documents/Unreal Projects/plateformer3Daction/Content/ThirdPerson/Meshes/RampMaterial.uasset" 255
"../../../../../../Users/Quentin/Documents/Unreal Projects/plateformer3Daction/Content/ThirdPerson/Meshes/Ramp_StaticMesh.uasset" 256
"../../../Engine/Content/BasicShapes/Sphere.uasset" 257
"../../../../../../Users/Quentin/Documents/Unreal Projects/plateformer3Daction/Content/StarterContent/Textures/T_RockMesh_N.uasset" 258
"../../../../../../Users/Quentin/Documents/Unreal Projects/plateformer3Daction/Content/StarterContent/Textures/T_RockMesh_M.uasset" 259
"../../../../../../Users/Quentin/Documents/Unreal Projects/plateformer3Daction/Content/StarterContent/Textures/T_Rock_Basalt_D.uasset" 260
"../../../../../../Users/Quentin/Documents/Unreal Projects/plateformer3Daction/Content/StarterContent/Textures/T_Detail_Rocky_N.uasset" 261
"../../../../../../Users/Quentin/Documents/Unreal Projects/plateformer3Daction/Content/StarterContent/Props/Materials/M_Rock.uasset" 262
"../../../../../../Users/Quentin/Documents/Unreal Projects/plateformer3Daction/Content/StarterContent/Props/SM_Rock.uasset" 263
"../../../../../../Users/Quentin/Documents/Unreal Projects/plateformer3Daction/Content/StarterContent/Textures/T_Rock_Slate_N.uasset" 264
"../../../../../../Users/Quentin/Documents/Unreal Projects/plateformer3Daction/Content/StarterContent/Textures/T_Rock_Slate_D.uasset" 265
"../../../../../../Users/Quentin/Documents/Unreal Projects/plateformer3Daction/Content/StarterContent/Textures/T_Perlin_Noise_M.uasset" 266
"../../../../../../Users/Quentin/Documents/Unreal Projects/plateformer3Daction/Content/StarterContent/Materials/M_Rock_Slate.uasset" 267
"../../../../../../Users/Quentin/Documents/Unreal Projects/plateformer3Daction/Content/StarterContent/Textures/T_Rock_Sandstone_N.uasset" 268
"../../../../../../Users/Quentin/Documents/Unreal Projects/plateformer3Daction/Content/StarterContent/Textures/T_Rock_Sandstone_D.uasset" 269
"../../../../../../Users/Quentin/Documents/Unreal Projects/plateformer3Daction/Content/StarterContent/Materials/M_Rock_Sandstone.uasset" 270
"../../../../../../Users/Quentin/Documents/Unreal Projects/plateformer3Daction/Content/StarterContent/Textures/T_Rock_Marble_Polished_D.uasset" 271
"../../../../../../Users/Quentin/Documents/Unreal Projects/plateformer3Daction/Content/StarterContent/Materials/M_Rock_Marble_Polished.uasset" 272
"../../../../../../Users/Quentin/Documents/Unreal Projects/plateformer3Daction/Content/StarterContent/Textures/T_Rock_Basalt_N.uasset" 273
"../../../../../../Users/Quentin/Documents/Unreal Projects/plateformer3Daction/Content/StarterContent/Materials/M_Rock_Basalt.uasset" 274
"../../../../../../Users/Quentin/Documents/Unreal Projects/plateformer3Daction/Content/StarterContent/Textures/T_Metal_Rust_D.uasset" 275
"../../../../../../Users/Quentin/Documents/Unreal Projects/plateformer3Daction/Content/StarterContent/Textures/T_Metal_Rust_N.uasset" 276
"../../../../../../Users/Quentin/Documents/Unreal Projects/plateformer3Daction/Content/StarterContent/Materials/M_Metal_Rust.uasset" 277
"../../../../../../Users/Quentin/Documents/Unreal Projects/plateformer3Daction/Content/StarterContent/Textures/T_Concrete_Panels_N.uasset" 278
"../../../../../../Users/Quentin/Documents/Unreal Projects/plateformer3Daction/Content/StarterContent/Textures/T_Concrete_Panels_D.uasset" 279
"../../../../../../Users/Quentin/Documents/Unreal Projects/plateformer3Daction/Content/StarterContent/Materials/M_Concrete_Panels.uasset" 280
"../../../../../../Users/Quentin/Documents/Unreal Projects/plateformer3Daction/Content/StarterContent/Textures/T_Concrete_Grime_D.uasset" 281
"../../../../../../Users/Quentin/Documents/Unreal Projects/plateformer3Daction/Content/StarterContent/Materials/M_Concrete_Grime.uasset" 282
"../../../../../../Users/Quentin/Documents/Unreal Projects/plateformer3Daction/Content/StarterContent/Textures/T_CobbleStone_Smooth_N.uasset" 283
"../../../../../../Users/Quentin/Documents/Unreal Projects/plateformer3Daction/Content/StarterContent/Textures/T_CobbleStone_Smooth_M.uasset" 284
"../../../../../../Users/Quentin/Documents/Unreal Projects/plateformer3Daction/Content/StarterContent/Textures/T_CobbleStone_Smooth_D.uasset" 285
"../../../../../../Users/Quentin/Documents/Unreal Projects/plateformer3Daction/Content/StarterContent/Textures/T_Rock_Smooth_Granite_D.uasset" 286
"../../../../../../Users/Quentin/Documents/Unreal Projects/plateformer3Daction/Content/StarterContent/Textures/T_Gradinet_01.uasset" 287
"../../../../../../Users/Quentin/Documents/Unreal Projects/plateformer3Daction/Content/StarterContent/Materials/M_CobbleStone_Smooth.uasset" 288
"../../../../../../Users/Quentin/Documents/Unreal Projects/plateformer3Daction/Content/StarterContent/Textures/T_CobbleStone_Rough_N.uasset" 289
"../../../../../../Users/Quentin/Documents/Unreal Projects/plateformer3Daction/Content/StarterContent/Textures/T_CobbleStone_Rough_D.uasset" 290
"../../../../../../Users/Quentin/Documents/Unreal Projects/plateformer3Daction/Content/StarterContent/Materials/M_CobbleStone_Rough.uasset" 291
"../../../../../../Users/Quentin/Documents/Unreal Projects/plateformer3Daction/Content/StarterContent/Textures/T_CobbleStone_Pebble_N.uasset" 292
"../../../../../../Users/Quentin/Documents/Unreal Projects/plateformer3Daction/Content/StarterContent/Textures/T_CobbleStone_Pebble_M.uasset" 293
"../../../../../../Users/Quentin/Documents/Unreal Projects/plateformer3Daction/Content/StarterContent/Textures/T_CobbleStone_Pebble_D.uasset" 294
"../../../../../../Users/Quentin/Documents/Unreal Projects/plateformer3Daction/Content/StarterContent/Materials/M_CobbleStone_Pebble.uasset" 295
"../../../../../../Users/Quentin/Documents/Unreal Projects/plateformer3Daction/Content/StarterContent/Textures/T_Brick_Clay_Old_N.uasset" 296
"../../../../../../Users/Quentin/Documents/Unreal Projects/plateformer3Daction/Content/StarterContent/Textures/T_Brick_Clay_Old_D.uasset" 297
"../../../../../../Users/Quentin/Documents/Unreal Projects/plateformer3Daction/Content/StarterContent/Materials/M_Brick_Clay_Old.uasset" 298
"../../../../../../Users/Quentin/Documents/Unreal Projects/plateformer3Daction/Content/StarterContent/Textures/T_Brick_Clay_New_N.uasset" 299
"../../../../../../Users/Quentin/Documents/Unreal Projects/plateformer3Daction/Content/StarterContent/Textures/T_Brick_Clay_New_M.uasset" 300
"../../../../../../Users/Quentin/Documents/Unreal Projects/plateformer3Daction/Content/StarterContent/Textures/T_Brick_Clay_New_D.uasset" 301
"../../../../../../Users/Quentin/Documents/Unreal Projects/plateformer3Daction/Content/StarterContent/Materials/M_Brick_Clay_New.uasset" 302
"../../../../../../Users/Quentin/Documents/Unreal Projects/plateformer3Daction/Content/StarterContent/Textures/T_Brick_Clay_Beveled_N.uasset" 303
"../../../../../../Users/Quentin/Documents/Unreal Projects/plateformer3Daction/Content/StarterContent/Textures/T_Brick_Clay_Beveled_M.uasset" 304
"../../../../../../Users/Quentin/Documents/Unreal Projects/plateformer3Daction/Content/StarterContent/Textures/T_Brick_Clay_Beveled_D.uasset" 305
"../../../../../../Users/Quentin/Documents/Unreal Projects/plateformer3Daction/Content/StarterContent/Materials/M_Brick_Clay_Beveled.uasset" 306
"../../../../../../Users/Quentin/Documents/Unreal Projects/plateformer3Daction/Content/StarterContent/Textures/T_Concrete_Poured_N.uasset" 307
"../../../../../../Users/Quentin/Documents/Unreal Projects/plateformer3Daction/Content/StarterContent/Textures/T_Concrete_Poured_D.uasset" 308
"../../../../../../Users/Quentin/Documents/Unreal Projects/plateformer3Daction/Content/StarterContent/Materials/M_Concrete_Poured.uasset" 309
"../../../Engine/Content/EngineSky/T_Sky_Stars.uasset" 310
"../../../Engine/Content/EngineSky/T_Sky_Clouds_M.uasset" 311
"../../../Engine/Content/EngineSky/T_Sky_Blue.uasset" 312
"../../../Engine/Content/EngineSky/M_Sky_Panning_Clouds2.uasset" 313
"../../../Engine/Content/EngineSky/SM_SkySphere.uasset" 314
"../../../Engine/Content/EngineSky/C_Sky_Zenith_Color.uasset" 315
"../../../Engine/Content/EngineSky/C_Sky_Horizon_Color.uasset" 316
"../../../Engine/Content/EngineSky/C_Sky_Cloud_Color.uasset" 317
"../../../Engine/Content/EngineSky/BP_Sky_Sphere.uasset" 318
"../../../../../../Users/Quentin/Documents/Unreal Projects/plateformer3Daction/Content/HUD/Images/logoGear.uasset" 319
"../../../../../../Users/Quentin/Documents/Unreal Projects/plateformer3Daction/Content/HUD/Interface/HUD_VieEndu.uasset" 320
"../../../../../../Users/Quentin/Documents/Unreal Projects/plateformer3Daction/Content/Geometry/Meshes/CubeMaterial.uasset" 321
"../../../../../../Users/Quentin/Documents/Unreal Projects/plateformer3Daction/Content/Geometry/Meshes/TemplateFloor.uasset" 322
"../../../../../../Users/Quentin/Documents/Unreal Projects/plateformer3Daction/Content/ThirdPersonBP/Maps/Level1_Stone.umap" 323
"../../../../../../Users/Quentin/Documents/Unreal Projects/plateformer3Daction/Content/StarterContent/Textures/T_Metal_Steel_N.uasset" 324
"../../../../../../Users/Quentin/Documents/Unreal Projects/plateformer3Daction/Content/StarterContent/Textures/T_Metal_Steel_D.uasset" 325
"../../../../../../Users/Quentin/Documents/Unreal Projects/plateformer3Daction/Content/StarterContent/Materials/M_Metal_Steel.uasset" 326
"../../../../../../Users/Quentin/Documents/Unreal Projects/plateformer3Daction/Content/Items/BP/BP_JetpackFer.uasset" 327
"../../../../../../Users/Quentin/Documents/Unreal Projects/plateformer3Daction/Content/ThirdPersonBP/Maps/Level2_Wood_BuiltData.uasset" 328
"../../../../../../Users/Quentin/Documents/Unreal Projects/plateformer3Daction/Content/ThirdPerson/Meshes/LeftArm_StaticMesh.uasset" 329
"../../../../../../Users/Quentin/Documents/Unreal Projects/plateformer3Daction/Content/Structures/Textures/Red_Mat_001.uasset" 330
"../../../../../../Users/Quentin/Documents/Unreal Projects/plateformer3Daction/Content/Structures/3DModels/sweeper.uasset" 331
"../../../../../../Users/Quentin/Documents/Unreal Projects/plateformer3Daction/Content/Structures/BP/BP_Volant4.uasset" 332
"../../../../../../Users/Quentin/Documents/Unreal Projects/plateformer3Daction/Content/StarterContent/Textures/T_Wood_Pine_N.uasset" 333
"../../../../../../Users/Quentin/Documents/Unreal Projects/plateformer3Daction/Content/StarterContent/Textures/T_Wood_Pine_D.uasset" 334
"../../../../../../Users/Quentin/Documents/Unreal Projects/plateformer3Daction/Content/StarterContent/Materials/M_Wood_Pine.uasset" 335
"../../../../../../Users/Quentin/Documents/Unreal Projects/plateformer3Daction/Content/Structures/BP/BP_Volant3.uasset" 336
"../../../../../../Users/Quentin/Documents/Unreal Projects/plateformer3Daction/Content/Structures/Textures/Red_Mat.uasset" 337
"../../../../../../Users/Quentin/Documents/Unreal Projects/plateformer3Daction/Content/Structures/3DModels/pitchfork.uasset" 338
"../../../Engine/Content/Functions/Engine_MaterialFunctions01/Opacity/AlphaOffset.uasset" 339
"../../../../../../Users/Quentin/Documents/Unreal Projects/plateformer3Daction/Content/StarterContent/Textures/T_Wood_Floor_Walnut_N.uasset" 340
"../../../../../../Users/Quentin/Documents/Unreal Projects/plateformer3Daction/Content/StarterContent/Textures/T_Wood_Floor_Walnut_M.uasset" 341
"../../../../../../Users/Quentin/Documents/Unreal Projects/plateformer3Daction/Content/StarterContent/Textures/T_Wood_Floor_Walnut_D.uasset" 342
"../../../../../../Users/Quentin/Documents/Unreal Projects/plateformer3Daction/Content/StarterContent/Materials/M_Wood_Floor_Walnut_Worn.uasset" 343
"../../../../../../Users/Quentin/Documents/Unreal Projects/plateformer3Daction/Content/Structures/BP/BP_Volant2.uasset" 344
"../../../../../../Users/Quentin/Documents/Unreal Projects/plateformer3Daction/Content/Structures/BP/BP_Volant.uasset" 345
"../../../../../../Users/Quentin/Documents/Unreal Projects/plateformer3Daction/Content/Structures/3DModels/uploads_files_2450030_free_wooden_train_toy.uasset" 346
"../../../../../../Users/Quentin/Documents/Unreal Projects/plateformer3Daction/Content/StarterContent/Particles/P_Smoke.uasset" 347
"../../../../../../Users/Quentin/Documents/Unreal Projects/plateformer3Daction/Content/Structures/BP/BP_Train.uasset" 348
"../../../../../../Users/Quentin/Documents/Unreal Projects/plateformer3Daction/Content/StarterContent/Materials/M_Basic_Wall.uasset" 349
"../../../../../../Users/Quentin/Documents/Unreal Projects/plateformer3Daction/Content/StarterContent/Shapes/Shape_Sphere.uasset" 350
"../../../../../../Users/Quentin/Documents/Unreal Projects/plateformer3Daction/Content/StarterContent/Materials/M_Wood_Floor_Walnut_Polished.uasset" 351
"../../../../../../Users/Quentin/Documents/Unreal Projects/plateformer3Daction/Content/Structures/BP/BP_SphereBois.uasset" 352
"../../../../../../Users/Quentin/Documents/Unreal Projects/plateformer3Daction/Content/StarterContent/Textures/T_Wood_Walnut_N.uasset" 353
"../../../../../../Users/Quentin/Documents/Unreal Projects/plateformer3Daction/Content/StarterContent/Textures/T_Wood_Walnut_D.uasset" 354
"../../../../../../Users/Quentin/Documents/Unreal Projects/plateformer3Daction/Content/StarterContent/Materials/M_Wood_Walnut.uasset" 355
"../../../../../../Users/Quentin/Documents/Unreal Projects/plateformer3Daction/Content/Mannequin/Animations/FallingDeathBox_Blueprint.uasset" 356
"../../../../../../Users/Quentin/Documents/Unreal Projects/plateformer3Daction/Content/ThirdPersonBP/Maps/Level2_Wood.umap" 357
"../../../../../../Users/Quentin/Documents/Unreal Projects/plateformer3Daction/Content/Items/BP_itemVie.uasset" 358
"../../../../../../Users/Quentin/Documents/Unreal Projects/plateformer3Daction/Content/Structures/3DModels/Zombie_weapon2.uasset" 359
"../../../../../../Users/Quentin/Documents/Unreal Projects/plateformer3Daction/Content/StarterContent/Materials/M_Metal_Chrome.uasset" 360
"../../../../../../Users/Quentin/Documents/Unreal Projects/plateformer3Daction/Content/StarterContent/Textures/T_Metal_Aluminum_D.uasset" 361
"../../../../../../Users/Quentin/Documents/Unreal Projects/plateformer3Daction/Content/StarterContent/Materials/M_Metal_Burnished_Steel.uasset" 362
"../../../../../../Users/Quentin/Documents/Unreal Projects/plateformer3Daction/Content/Structures/BP/BP_Piege2.uasset" 363
"../../../../../../Users/Quentin/Documents/Unreal Projects/plateformer3Daction/Content/Items/BP_Piege2.uasset" 364
"../../../../../../Users/Quentin/Documents/Unreal Projects/plateformer3Daction/Content/StarterContent/Textures/T_Lamp_N.uasset" 365
"../../../../../../Users/Quentin/Documents/Unreal Projects/plateformer3Daction/Content/StarterContent/Textures/T_Lamp_M.uasset" 366
"../../../../../../Users/Quentin/Documents/Unreal Projects/plateformer3Daction/Content/StarterContent/Props/Materials/M_Lamp.uasset" 367
"../../../../../../Users/Quentin/Documents/Unreal Projects/plateformer3Daction/Content/Items/BP/BP_JetpackLast.uasset" 368
"../../../../../../Users/Quentin/Documents/Unreal Projects/plateformer3Daction/Content/Items/BP_JetpackLast.uasset" 369
"../../../../../../Users/Quentin/Documents/Unreal Projects/plateformer3Daction/Content/Items/BP_Mine.uasset" 370
"../../../../../../Users/Quentin/Documents/Unreal Projects/plateformer3Daction/Content/Items/Textures/Zombie_weapon_mat.uasset" 371
"../../../../../../Users/Quentin/Documents/Unreal Projects/plateformer3Daction/Content/Structures/3DModels/Zombie_weapon.uasset" 372
"../../../../../../Users/Quentin/Documents/Unreal Projects/plateformer3Daction/Content/Structures/BP/BP_Piege1.uasset" 373
"../../../../../../Users/Quentin/Documents/Unreal Projects/plateformer3Daction/Content/Items/BP_Piege1.uasset" 374
"../../../../../../Users/Quentin/Documents/Unreal Projects/plateformer3Daction/Content/Structures/BP_Volant.uasset" 375
"../../../../../../Users/Quentin/Documents/Unreal Projects/plateformer3Daction/Content/Structures/Textures/Material__83.uasset" 376
"../../../../../../Users/Quentin/Documents/Unreal Projects/plateformer3Daction/Content/Structures/3DModels/Saw.uasset" 377
"../../../../../../Users/Quentin/Documents/Unreal Projects/plateformer3Daction/Content/StarterContent/Materials/M_Metal_Brushed_Nickel.uasset" 378
"../../../../../../Users/Quentin/Documents/Unreal Projects/plateformer3Daction/Content/Structures/BP/BP_Scie.uasset" 379
"../../../../../../Users/Quentin/Documents/Unreal Projects/plateformer3Daction/Content/Structures/BP_Scie.uasset" 380
"../../../../../../Users/Quentin/Documents/Unreal Projects/plateformer3Daction/Content/StarterContent/Textures/T_Statue_N.uasset" 381
"../../../../../../Users/Quentin/Documents/Unreal Projects/plateformer3Daction/Content/StarterContent/Textures/T_Statue_M.uasset" 382
"../../../../../../Users/Quentin/Documents/Unreal Projects/plateformer3Daction/Content/StarterContent/Props/Materials/M_StatueGlass.uasset" 383
"../../../../../../Users/Quentin/Documents/Unreal Projects/plateformer3Daction/Content/Structures/BP/BP_Manege.uasset" 384
"../../../../../../Users/Quentin/Documents/Unreal Projects/plateformer3Daction/Content/Structures/BP_Manege.uasset" 385
"../../../../../../Users/Quentin/Documents/Unreal Projects/plateformer3Daction/Content/StarterContent/Textures/T_Metal_Copper_D.uasset" 386
"../../../../../../Users/Quentin/Documents/Unreal Projects/plateformer3Daction/Content/StarterContent/Materials/M_Metal_Copper.uasset" 387
"../../../../../../Users/Quentin/Documents/Unreal Projects/plateformer3Daction/Content/Items/BP_Gear.uasset" 388
"../../../../../../Users/Quentin/Documents/Unreal Projects/plateformer3Daction/Content/ThirdPersonBP/Maps/Level3_Iron.umap" 389
"../../../../../../Users/Quentin/Documents/Unreal Projects/plateformer3Daction/Content/HUD/Images/LogoLudusEvents-sansfond2.uasset" 390
"../../../../../../Users/Quentin/Documents/Unreal Projects/plateformer3Daction/Content/HUD/Images/2HWZqyUzcUaVUhDWS9UFxP.uasset" 391
"../../../../../../Users/Quentin/Documents/Unreal Projects/plateformer3Daction/Content/HUD/Interface/HUD_Menu.uasset" 392
"../../../../../../Users/Quentin/Documents/Unreal Projects/plateformer3Daction/Content/HUD/Interface/UI_Menu.uasset" 393
"../../../../../../Users/Quentin/Documents/Unreal Projects/plateformer3Daction/Content/ThirdPersonBP/Maps/Menu.umap" 394
"../../../Engine/Content/Maps/Entry_BuiltData.uasset" 395
"../../../Engine/Content/Maps/Entry.umap" 396
